<?xml version="1.0" encoding="UTF-8"?>
<!-- Generated by org.testng.reporters.JUnitReportReporter -->
<testsuite hostname="ideapad" name="com.doctorDetails.DoctorDashboardTest" tests="3" failures="0" timestamp="16 Jul 2016 04:42:37 GMT" time="0.312" errors="0">
  <testcase name="retrieveDoctorInfoUsingName" time="0.018" classname="com.doctorDetails.DoctorDashboardTest"/>
  <testcase name="retrieveDoctorInfoUsingInvalidInput" time="0.282" classname="com.doctorDetails.DoctorDashboardTest"/>
  <testcase name="retrieveDoctorInfoUsingValidInput" time="0.012" classname="com.doctorDetails.DoctorDashboardTest"/>
</testsuite> <!-- com.doctorDetails.DoctorDashboardTest -->
