<?xml version="1.0" encoding="UTF-8"?>
<!-- Generated by org.testng.reporters.JUnitReportReporter -->
<testsuite hostname="ideapad" name="com.doctorDetails.DoctorDetailsTest" tests="3" failures="0" timestamp="14 Jul 2016 06:55:35 GMT" time="1.593" errors="0">
  <testcase name="retrieveDoctorInfoUsingName" time="0.031" classname="com.doctorDetails.DoctorDetailsTest"/>
  <testcase name="retrieveDoctorInfoUsingInvalidInput" time="1.546" classname="com.doctorDetails.DoctorDetailsTest"/>
  <testcase name="retrieveDoctorInfoUsingValidInput" time="0.016" classname="com.doctorDetails.DoctorDetailsTest"/>
</testsuite> <!-- com.doctorDetails.DoctorDetailsTest -->
